android/app/build/intermediates/manifest_merge_blame_file/debug/manifest-merger-blame-debug-report.txt
1<?xml version="1.0" encoding="utf-8"?>
2<manifest xmlns:android="http://schemas.android.com/apk/res/android"
3    package="com.thepizzaapp"
4    android:versionCode="4"
5    android:versionName="1.0.4" >
6
7    <uses-sdk
8        android:minSdkVersion="21"
9        android:targetSdkVersion="31" />
10
11    <uses-permission android:name="android.permission.SYSTEM_ALERT_WINDOW" />
11-->src/debug/AndroidManifest.xml:5:5-77
11-->src/debug/AndroidManifest.xml:5:22-75
12    <uses-permission android:name="android.permission.INTERNET" />
12-->src/main/AndroidManifest.xml:4:5-67
12-->src/main/AndroidManifest.xml:4:22-64
13    <uses-permission android:name="android.permission.CAMERA" />
13-->src/main/AndroidManifest.xml:5:5-64
13-->src/main/AndroidManifest.xml:5:22-62
14    <uses-permission android:name="android.permission.ACCESS_COARSE_LOCATION" />
14-->src/main/AndroidManifest.xml:6:5-81
14-->src/main/AndroidManifest.xml:6:22-78
15    <uses-permission android:name="android.permission.ACCESS_FINE_LOCATION" />
15-->src/main/AndroidManifest.xml:7:1-75
15-->src/main/AndroidManifest.xml:7:18-72
16    <uses-permission android:name="android.permission.ACCESS_WIFI_STATE" />
16-->[com.facebook.flipper:flipper:0.125.0] AndroidManifest.xml:16:5-76
16-->[com.facebook.flipper:flipper:0.125.0] AndroidManifest.xml:16:22-73
17    <uses-permission android:name="android.permission.WRITE_EXTERNAL_STORAGE" />
17-->[:react-native-fs] AndroidManifest.xml:9:5-81
17-->[:react-native-fs] AndroidManifest.xml:9:22-78
18
19    <queries>
19-->[:react-native-image-crop-picker] AndroidManifest.xml:9:5-13:15
20        <intent>
20-->[:react-native-image-crop-picker] AndroidManifest.xml:10:9-12:18
21            <action android:name="android.media.action.IMAGE_CAPTURE" />
21-->[:react-native-image-crop-picker] AndroidManifest.xml:11:13-73
21-->[:react-native-image-crop-picker] AndroidManifest.xml:11:21-70
22        </intent>
23    </queries> <!-- Required to access Google Play Licensing -->
24    <uses-permission android:name="com.android.vending.CHECK_LICENSE" />
24-->[:rn-fetch-blob] AndroidManifest.xml:10:5-73
24-->[:rn-fetch-blob] AndroidManifest.xml:10:22-70
25    <!--
26         Required to keep CPU alive while downloading files
27        (NOT to keep screen awake)
28    -->
29    <uses-permission android:name="android.permission.WAKE_LOCK" />
29-->[:rn-fetch-blob] AndroidManifest.xml:19:5-68
29-->[:rn-fetch-blob] AndroidManifest.xml:19:22-65
30    <!--
31         Required to poll the state of the network connection
32        and respond to changes
33    -->
34    <uses-permission android:name="android.permission.ACCESS_NETWORK_STATE" />
34-->[:rn-fetch-blob] AndroidManifest.xml:25:5-79
34-->[:rn-fetch-blob] AndroidManifest.xml:25:22-76
35
36    <application
36-->src/main/AndroidManifest.xml:10:5-29:19
37        android:name="com.pizza21.MainApplication"
37-->src/main/AndroidManifest.xml:11:7-38
38        android:allowBackup="false"
38-->src/main/AndroidManifest.xml:15:7-34
39        android:appComponentFactory="androidx.core.app.CoreComponentFactory"
39-->[androidx.core:core:1.6.0] AndroidManifest.xml:24:18-86
40        android:debuggable="true"
41        android:icon="@mipmap/ic_launcher"
41-->src/main/AndroidManifest.xml:13:7-41
42        android:label="@string/app_name"
42-->src/main/AndroidManifest.xml:12:7-39
43        android:roundIcon="@mipmap/ic_launcher_round"
43-->src/main/AndroidManifest.xml:14:7-52
44        android:theme="@style/AppTheme"
44-->src/main/AndroidManifest.xml:16:7-38
45        android:usesCleartextTraffic="true" >
45-->src/debug/AndroidManifest.xml:8:9-44
46        <activity
46-->src/debug/AndroidManifest.xml:11:9-111
47            android:name="com.facebook.react.devsupport.DevSettingsActivity"
47-->src/debug/AndroidManifest.xml:11:19-83
48            android:exported="false" />
48-->src/debug/AndroidManifest.xml:11:84-108
49        <activity
49-->src/main/AndroidManifest.xml:17:7-28:18
50            android:name="com.pizza21.MainActivity"
50-->src/main/AndroidManifest.xml:18:9-37
51            android:configChanges="keyboard|keyboardHidden|orientation|screenLayout|screenSize|smallestScreenSize|uiMode"
51-->src/main/AndroidManifest.xml:20:9-118
52            android:exported="true"
52-->src/main/AndroidManifest.xml:23:9-32
53            android:label="@string/app_name"
53-->src/main/AndroidManifest.xml:19:9-41
54            android:launchMode="singleTask"
54-->src/main/AndroidManifest.xml:21:9-40
55            android:windowSoftInputMode="adjustResize" >
55-->src/main/AndroidManifest.xml:22:9-51
56            <intent-filter>
56-->src/main/AndroidManifest.xml:24:9-27:25
57                <action android:name="android.intent.action.MAIN" />
57-->src/main/AndroidManifest.xml:25:13-65
57-->src/main/AndroidManifest.xml:25:21-62
58
59                <category android:name="android.intent.category.LAUNCHER" />
59-->src/main/AndroidManifest.xml:26:13-73
59-->src/main/AndroidManifest.xml:26:23-70
60            </intent-filter>
61        </activity>
62
63        <provider
63-->[:react-native-file-viewer] AndroidManifest.xml:10:9-18:20
64            android:name="com.vinzscam.reactnativefileviewer.FileProvider"
64-->[:react-native-file-viewer] AndroidManifest.xml:11:13-75
65            android:authorities="com.thepizzaapp.provider"
65-->[:react-native-file-viewer] AndroidManifest.xml:12:13-60
66            android:exported="false"
66-->[:react-native-file-viewer] AndroidManifest.xml:13:13-37
67            android:grantUriPermissions="true" >
67-->[:react-native-file-viewer] AndroidManifest.xml:14:13-47
68            <meta-data
68-->[:react-native-file-viewer] AndroidManifest.xml:15:13-17:70
69                android:name="android.support.FILE_PROVIDER_PATHS"
69-->[:react-native-file-viewer] AndroidManifest.xml:16:17-67
70                android:resource="@xml/file_viewer_provider_paths" />
70-->[:react-native-file-viewer] AndroidManifest.xml:17:17-67
71        </provider>
72        <provider
72-->[:react-native-image-crop-picker] AndroidManifest.xml:18:9-26:20
73            android:name="com.reactnative.ivpusic.imagepicker.IvpusicImagePickerFileProvider"
73-->[:react-native-image-crop-picker] AndroidManifest.xml:19:13-94
74            android:authorities="com.thepizzaapp.provider"
74-->[:react-native-image-crop-picker] AndroidManifest.xml:20:13-60
75            android:exported="false"
75-->[:react-native-image-crop-picker] AndroidManifest.xml:21:13-37
76            android:grantUriPermissions="true" >
76-->[:react-native-image-crop-picker] AndroidManifest.xml:22:13-47
77            <meta-data
77-->[:react-native-file-viewer] AndroidManifest.xml:15:13-17:70
78                android:name="android.support.FILE_PROVIDER_PATHS"
78-->[:react-native-file-viewer] AndroidManifest.xml:16:17-67
79                android:resource="@xml/ivpusic_imagepicker_provider_paths" />
79-->[:react-native-file-viewer] AndroidManifest.xml:17:17-67
80        </provider>
81
82        <activity
82-->[:react-native-image-crop-picker] AndroidManifest.xml:28:9-30:72
83            android:name="com.yalantis.ucrop.UCropActivity"
83-->[:react-native-image-crop-picker] AndroidManifest.xml:29:13-60
84            android:theme="@style/Theme.AppCompat.Light.NoActionBar" />
84-->[:react-native-image-crop-picker] AndroidManifest.xml:30:13-69
85
86        <provider
86-->[:rn-fetch-blob] AndroidManifest.xml:34:9-42:20
87            android:name="com.RNFetchBlob.Utils.FileProvider"
87-->[:rn-fetch-blob] AndroidManifest.xml:35:13-62
88            android:authorities="com.thepizzaapp.provider"
88-->[:rn-fetch-blob] AndroidManifest.xml:36:13-60
89            android:exported="false"
89-->[:rn-fetch-blob] AndroidManifest.xml:37:13-37
90            android:grantUriPermissions="true" >
90-->[:rn-fetch-blob] AndroidManifest.xml:38:13-47
91            <meta-data
91-->[:react-native-file-viewer] AndroidManifest.xml:15:13-17:70
92                android:name="android.support.FILE_PROVIDER_PATHS"
92-->[:react-native-file-viewer] AndroidManifest.xml:16:17-67
93                android:resource="@xml/provider_paths" />
93-->[:react-native-file-viewer] AndroidManifest.xml:17:17-67
94        </provider>
95
96        <meta-data
96-->[com.github.bumptech.glide:okhttp3-integration:4.12.0] AndroidManifest.xml:11:9-13:43
97            android:name="com.bumptech.glide.integration.okhttp3.OkHttpGlideModule"
97-->[com.github.bumptech.glide:okhttp3-integration:4.12.0] AndroidManifest.xml:12:13-84
98            android:value="GlideModule" />
98-->[com.github.bumptech.glide:okhttp3-integration:4.12.0] AndroidManifest.xml:13:13-40
99
100        <activity
100-->[com.google.android.gms:play-services-base:17.0.0] AndroidManifest.xml:23:9-26:75
101            android:name="com.google.android.gms.common.api.GoogleApiActivity"
101-->[com.google.android.gms:play-services-base:17.0.0] AndroidManifest.xml:24:13-79
102            android:exported="false"
102-->[com.google.android.gms:play-services-base:17.0.0] AndroidManifest.xml:25:13-37
103            android:theme="@android:style/Theme.Translucent.NoTitleBar" />
103-->[com.google.android.gms:play-services-base:17.0.0] AndroidManifest.xml:26:13-72
104
105        <meta-data
105-->[com.google.android.gms:play-services-basement:17.0.0] AndroidManifest.xml:23:9-25:69
106            android:name="com.google.android.gms.version"
106-->[com.google.android.gms:play-services-basement:17.0.0] AndroidManifest.xml:24:13-58
107            android:value="@integer/google_play_services_version" />
107-->[com.google.android.gms:play-services-basement:17.0.0] AndroidManifest.xml:25:13-66
108    </application>
109
110</manifest>